[3/19/2026 23:0] INFO: Activating extension.
[3/19/2026 23:0] INFO: Loading globals and resource paths.
[3/19/2026 23:0] INFO: Successfully loaded all globals.
[3/19/2026 23:0] INFO: Activated extension.
[3/19/2026 23:0] INFO: Fetching the scene name for probably render file file:///home/zolen/Documents/dataset/presentation.py.
[3/19/2026 23:0] INFO: Asked user for a new scene name and recieved "TopPublishersScene".
[3/19/2026 23:0] INFO: Creating a new running configuration for file "/home/zolen/Documents/dataset/presentation.py"
[3/19/2026 23:0] INFO: Attempting to render via the running configuration {
    "srcRootFolder": "/home/zolen/Documents/dataset",
    "srcPath": "/home/zolen/Documents/dataset/presentation.py",
    "moduleName": "presentation",
    "isUsingConfFile": false,
    "manimConfig": {
        "media_dir": "media",
        "video_dir": "{media_dir}/videos/{module_name}/{quality}",
        "images_dir": "{media_dir}/images/{module_name}",
        "quality": "high_quality",
        "image_name": "{scene_name}_{version}{extension}",
        "frame_rate": "60",
        "quality_map": {
            "fourk_quality": "2160p60",
            "production_quality": "1440p60",
            "high_quality": "1080p60",
            "medium_quality": "720p30",
            "low_quality": "480p15",
            "example_quality": "480p30"
        }
    },
    "document": {
        "uri": {
            "$mid": 1,
            "fsPath": "/home/zolen/Documents/dataset/presentation.py",
            "external": "file:///home/zolen/Documents/dataset/presentation.py",
            "path": "/home/zolen/Documents/dataset/presentation.py",
            "scheme": "file"
        },
        "fileName": "/home/zolen/Documents/dataset/presentation.py",
        "isUntitled": false,
        "languageId": "python",
        "version": 2,
        "isClosed": false,
        "isDirty": false,
        "encoding": "utf8",
        "eol": 1,
        "lineCount": 85
    },
    "sceneName": "TopPublishersScene"
},
{
    "cliArguments": [],
    "predictedVideoOutputPath": "media/videos/presentation/1080p60/TopPublishersScene.mp4",
    "predictedImageOutputPath": "media/images/presentation/ManimCE_v0.16.0.post0"
}
[3/19/2026 23:0] INFO: Default manim path is found as "manim"
[3/19/2026 23:0] INFO: Using python environment "dataset" for manim.
[3/19/2026 23:0] INFO: Resolved manim path: /home/zolen/Documents/dataset/.venv/bin/python/bin/manim (from environment: /home/zolen/Documents/dataset/.venv/bin/python)
[3/19/2026 23:0] ERROR: Manim Sideview: Manim is not found in PATH or at the specified location "/home/zolen/Documents/dataset/.venv/bin/python/bin/manim". Please ensure manim is installed correctly or specify a valid path in settings.
[3/19/2026 23:1] INFO: Fetching the scene name for probably render file file:///home/zolen/Documents/dataset/presentation.py.
[3/19/2026 23:1] INFO: Asked user for a new scene name and recieved "TopPublishersScene".
[3/19/2026 23:1] INFO: Creating a new running configuration for file "/home/zolen/Documents/dataset/presentation.py"
[3/19/2026 23:1] INFO: Attempting to render via the running configuration {
    "srcRootFolder": "/home/zolen/Documents/dataset",
    "srcPath": "/home/zolen/Documents/dataset/presentation.py",
    "moduleName": "presentation",
    "isUsingConfFile": false,
    "manimConfig": {
        "media_dir": "media",
        "video_dir": "{media_dir}/videos/{module_name}/{quality}",
        "images_dir": "{media_dir}/images/{module_name}",
        "quality": "high_quality",
        "image_name": "{scene_name}_{version}{extension}",
        "frame_rate": "60",
        "quality_map": {
            "fourk_quality": "2160p60",
            "production_quality": "1440p60",
            "high_quality": "1080p60",
            "medium_quality": "720p30",
            "low_quality": "480p15",
            "example_quality": "480p30"
        }
    },
    "document": {
        "uri": {
            "$mid": 1,
            "fsPath": "/home/zolen/Documents/dataset/presentation.py",
            "external": "file:///home/zolen/Documents/dataset/presentation.py",
            "path": "/home/zolen/Documents/dataset/presentation.py",
            "scheme": "file"
        },
        "fileName": "/home/zolen/Documents/dataset/presentation.py",
        "isUntitled": false,
        "languageId": "python",
        "version": 2,
        "isClosed": false,
        "isDirty": false,
        "encoding": "utf8",
        "eol": 1,
        "lineCount": 85
    },
    "sceneName": "TopPublishersScene"
},
{
    "cliArguments": [],
    "predictedVideoOutputPath": "media/videos/presentation/1080p60/TopPublishersScene.mp4",
    "predictedImageOutputPath": "media/images/presentation/ManimCE_v0.16.0.post0"
}
[3/19/2026 23:1] INFO: Default manim path is found as "/home/zolen/Documents/dataset/.venv/bin/manim"
[3/19/2026 23:1] INFO: [29109] Spawned a new process for executing ""/home/zolen/Documents/dataset/.venv/bin/manim" "/home/zolen/Documents/dataset/presentation.py" TopPublishersScene
".
[3/19/2026 23:1] WARN: [29109] Captured stderr output "/home/zolen/Documents/dataset/.venv/lib/python3.12/site-packages/pydub/utils.py:300: SyntaxWarning: invalid escape sequence '\('
  m = re.match('([su]([0-9]{1,2})p?) \(([0-9]{1,2}) bit\)$', token)
/home/zolen/Documents/dataset/.venv/lib/python3.12/site-packages/pydub/utils.py:301: SyntaxWarning: invalid escape sequence '\('
  m2 = re.match('([su]([0-9]{1,2})p?)( \(default\))?$', token)
/home/zolen/Documents/dataset/.venv/lib/python3.12/site-packages/pydub/utils.py:310: SyntaxWarning: invalid escape sequence '\('
  elif re.match('(flt)p?( \(default\))?$', token):
/home/zolen/Documents/dataset/.venv/lib/python3.12/site-packages/pydub/utils.py:314: SyntaxWarning: invalid escape sequence '\('
  elif re.match('(dbl)p?( \(default\))?$', token):
"
[3/19/2026 23:1] INFO: [29109] RE: "Manim Community v0.20.1

"
[3/19/2026 23:1] WARN: [29109] Captured stderr output "
Animation 0: Write(Text('Top des ├йditeurs les mieux not├йs')):   0%|\t\t  | 0/120 [00:00<?, ?it/s]"
[3/19/2026 23:1] WARN: [29109] Captured stderr output "
Animation 0: Write(Text('Top des ├йditeurs les mieux not├йs')):   5%|тЦМ\t\t | 6/120 [00:00<00:02, 56.82it/s]"
[3/19/2026 23:1] WARN: [29109] Captured stderr output "
Animation 0: Write(Text('Top des ├йditeurs les mieux not├йs')):  12%|тЦИтЦП\t\t| 14/120 [00:00<00:01, 68.74it/s]"
[3/19/2026 23:1] WARN: [29109] Captured stderr output "
Animation 0: Write(Text('Top des ├йditeurs les mieux not├йs')):  19%|тЦИтЦЙ\t\t| 23/120 [00:00<00:01, 76.26it/s]"
[3/19/2026 23:1] WARN: [29109] Captured stderr output "
Animation 0: Write(Text('Top des ├йditeurs les mieux not├йs')):  26%|тЦИтЦИтЦМ\t   | 31/120 [00:00<00:01, 73.81it/s]"
[3/19/2026 23:1] WARN: [29109] Captured stderr output "
Animation 0: Write(Text('Top des ├йditeurs les mieux not├йs')):  32%|тЦИтЦИтЦИтЦО\t  | 39/120 [00:00<00:01, 73.98it/s]"
[3/19/2026 23:1] WARN: [29109] Captured stderr output "
Animation 0: Write(Text('Top des ├йditeurs les mieux not├йs')):  39%|тЦИтЦИтЦИтЦЙ\t  | 47/120 [00:00<00:01, 71.66it/s]"
[3/19/2026 23:1] WARN: [29109] Captured stderr output "
Animation 0: Write(Text('Top des ├йditeurs les mieux not├йs')):  46%|тЦИтЦИтЦИтЦИтЦМ\t | 55/120 [00:00<00:00, 71.01it/s]"
[3/19/2026 23:1] WARN: [29109] Captured stderr output "
Animation 0: Write(Text('Top des ├йditeurs les mieux not├йs')):  52%|тЦИтЦИтЦИтЦИтЦИтЦО\t| 63/120 [00:00<00:00, 67.34it/s]"
[3/19/2026 23:1] WARN: [29109] Captured stderr output "
Animation 0: Write(Text('Top des ├йditeurs les mieux not├йs')):  59%|тЦИтЦИтЦИтЦИтЦИтЦЙ\t| 71/120 [00:01<00:00, 69.14it/s]"
[3/19/2026 23:1] WARN: [29109] Captured stderr output "
Animation 0: Write(Text('Top des ├йditeurs les mieux not├йs')):  67%|тЦИтЦИтЦИтЦИтЦИтЦИтЦЛ   | 80/120 [00:01<00:00, 73.53it/s]"
[3/19/2026 23:1] WARN: [29109] Captured stderr output "
Animation 0: Write(Text('Top des ├йditeurs les mieux not├йs')):  73%|тЦИтЦИтЦИтЦИтЦИтЦИтЦИтЦО  | 88/120 [00:01<00:00, 74.82it/s]"
[3/19/2026 23:1] WARN: [29109] Captured stderr output "
Animation 0: Write(Text('Top des ├йditeurs les mieux not├йs')):  80%|тЦИтЦИтЦИтЦИтЦИтЦИтЦИтЦИ  | 96/120 [00:01<00:00, 73.51it/s]"
[3/19/2026 23:1] WARN: [29109] Captured stderr output "
Animation 0: Write(Text('Top des ├йditeurs les mieux not├йs')):  88%|тЦИтЦИтЦИтЦИтЦИтЦИтЦИтЦИтЦК | 105/120 [00:01<00:00, 75.90it/s]"
[3/19/2026 23:1] WARN: [29109] Captured stderr output "
Animation 0: Write(Text('Top des ├йditeurs les mieux not├йs')):  95%|тЦИтЦИтЦИтЦИтЦИтЦИтЦИтЦИтЦИтЦМ| 114/120 [00:01<00:00, 79.61it/s]"
[3/19/2026 23:1] WARN: [29109] Captured stderr output "
\t\t\t\t\t\t\t\t\t\t\t\t\t\t\t\t\t\t\t\t\t\t\t\t\t\t\t   
"
[3/19/2026 23:1] INFO: [29109] RE: "[03/19/26 23:01:17] INFO\t Animation 0 : Partial\t  scene_file_writer.py:601
\t\t\t\t\t\t\t movie file written in\t\t\t\t\t\t\t  
\t\t\t\t\t\t\t '/home/zolen/Documents/dat\t\t\t\t\t\t 
\t\t\t\t\t\t\t aset/media/videos/presenta\t\t\t\t\t\t 
\t\t\t\t\t\t\t tion/1080p60/partial_movie\t\t\t\t\t\t 
\t\t\t\t\t\t\t _files/TopPublishersScene/\t\t\t\t\t\t 
\t\t\t\t\t\t\t 3544663784_1504766886_2231\t\t\t\t\t\t 
\t\t\t\t\t\t\t 32457.mp4'\t\t\t\t\t\t\t\t\t\t 
"
[3/19/2026 23:1] INFO: [29109] RE: "\t\t\t\t\tINFO\t Animation 1 : Partial\t  scene_file_writer.py:601
\t\t\t\t\t\t\t movie file written in\t\t\t\t\t\t\t  
\t\t\t\t\t\t\t '/home/zolen/Documents/dat\t\t\t\t\t\t 
\t\t\t\t\t\t\t aset/media/videos/presenta\t\t\t\t\t\t 
\t\t\t\t\t\t\t tion/1080p60/partial_movie\t\t\t\t\t\t 
\t\t\t\t\t\t\t _files/TopPublishersScene/\t\t\t\t\t\t 
\t\t\t\t\t\t\t 260329756_1432596116_23824\t\t\t\t\t\t 
\t\t\t\t\t\t\t 19940.mp4'\t\t\t\t\t\t\t\t\t\t 
"
[3/19/2026 23:1] INFO: [29109] RE: "\t\t\t\t\tINFO\t Writing\t\t\t\t\t tex_file_writing.py:110
\t\t\t\t\t\t\t \special{dvisvgm:raw <g\t\t\t\t\t\t\t
\t\t\t\t\t\t\t id='unique000'>}5\special{d\t\t\t\t\t\t
\t\t\t\t\t\t\t visvgm:raw </g>} to\t\t\t\t\t\t\t\t
\t\t\t\t\t\t\t media/Tex/80535c2a91306081.\t\t\t\t\t\t
\t\t\t\t\t\t\t tex\t\t\t\t\t\t\t\t\t\t\t\t
"
[3/19/2026 23:1] INFO: [29109] RE: "[03/19/26 23:01:18] ERROR\tLaTeX compilation error:\ttex_file_writing.py:313
\t\t\t\t\t\t\t LaTeX Error: File\t\t\t\t\t\t\t\t  
\t\t\t\t\t\t\t `standalone.cls' not found.\t\t\t\t\t\t
\t\t\t\t\t\t\t\t\t\t\t\t\t\t\t\t\t\t\t\t
"
[3/19/2026 23:1] INFO: [29109] RE: "\t\t\t\t\tERROR\tContext of error:\t\t   tex_file_writing.py:347
\t\t\t\t\t\t\t ->\t\t\t\t\t\t\t\t\t\t\t\t 
\t\t\t\t\t\t\t \documentclass[preview]{sta\t\t\t\t\t\t
\t\t\t\t\t\t\t ndalone}\t\t\t\t\t\t\t\t\t\t   
\t\t\t\t\t\t\t \usepackage[english]{babel}\t\t\t\t\t\t
\t\t\t\t\t\t\t \usepackage{amsmath}\t\t\t\t\t\t\t   
\t\t\t\t\t\t\t \usepackage{amssymb}\t\t\t\t\t\t\t   
\t\t\t\t\t\t\t\t\t\t\t\t\t\t\t\t\t\t\t\t
"
[3/19/2026 23:1] INFO: [29109] RE: "\t\t\t\t\tINFO\t You do not have package\t tex_file_writing.py:357
\t\t\t\t\t\t\t standalone.cls installed.\t\t\t\t\t\t  
"
[3/19/2026 23:1] INFO: [29109] RE: "\t\t\t\t\tINFO\t Install standalone.cls it   tex_file_writing.py:357
\t\t\t\t\t\t\t using your LaTeX package\t\t\t\t\t\t   
\t\t\t\t\t\t\t manager, or check for\t\t\t\t\t\t\t  
\t\t\t\t\t\t\t typos.\t\t\t\t\t\t\t\t\t\t\t 
"
[3/19/2026 23:1] INFO: [29109] RE: "\t\t\t\t\tERROR\tLaTeX compilation error:\ttex_file_writing.py:313
\t\t\t\t\t\t\t Emergency stop.\t\t\t\t\t\t\t\t\t
\t\t\t\t\t\t\t\t\t\t\t\t\t\t\t\t\t\t\t\t
"
[3/19/2026 23:1] INFO: [29109] RE: "\t\t\t\t\tERROR\tContext of error:\t\t   tex_file_writing.py:347
\t\t\t\t\t\t\t ->\t\t\t\t\t\t\t\t\t\t\t\t 
\t\t\t\t\t\t\t \documentclass[preview]{sta\t\t\t\t\t\t
\t\t\t\t\t\t\t ndalone}\t\t\t\t\t\t\t\t\t\t   
\t\t\t\t\t\t\t \usepackage[english]{babel}\t\t\t\t\t\t
\t\t\t\t\t\t\t \usepackage{amsmath}\t\t\t\t\t\t\t   
\t\t\t\t\t\t\t \usepackage{amssymb}\t\t\t\t\t\t\t   
\t\t\t\t\t\t\t\t\t\t\t\t\t\t\t\t\t\t\t\t
"
[3/19/2026 23:1] WARN: [29109] Captured stderr output "тХнтФАтФАтФАтФАтФАтФАтФАтФАтФАтФАтФАтФАтФАтФАтФАтФАтФАтФАтФАтФАтФА Traceback (most recent call last) тФАтФАтФАтФАтФАтФАтФАтФАтФАтФАтФАтФАтФАтФАтФАтФАтФАтФАтФАтФАтФАтФАтХо
тФВ /home/zolen/Documents/dataset/.venv/lib/python3.12/site-packages/manim/cli/r тФВ
тФВ ender/commands.py:125 in render\t\t\t\t\t\t\t\t\t\t\t  тФВ
тФВ\t\t\t\t\t\t\t\t\t\t\t\t\t\t\t\t\t\t\t  тФВ
тФВ   122 тФВ   тФВ   тФВ   try:\t\t\t\t\t\t\t\t\t\t\t\t\t   тФВ
тФВ   123 тФВ   тФВ   тФВ   тФВ   with tempconfig({}):\t\t\t\t\t\t\t\t   тФВ
тФВ   124 тФВ   тФВ   тФВ   тФВ   тФВ   scene = SceneClass()\t\t\t\t\t\t\t   тФВ
тФВ тЭ▒ 125 тФВ   тФВ   тФВ   тФВ   тФВ   scene.render()\t\t\t\t\t\t\t\t\t тФВ
тФВ   126 тФВ   тФВ   тФВ   except Exception:\t\t\t\t\t\t\t\t\t\t  тФВ
тФВ   127 тФВ   тФВ   тФВ   тФВ   error_console.print_exception()\t\t\t\t\t\tтФВ
тФВ   128 тФВ   тФВ   тФВ   тФВ   sys.exit(1)\t\t\t\t\t\t\t\t\t\t\tтФВ
тФВ\t\t\t\t\t\t\t\t\t\t\t\t\t\t\t\t\t\t\t  тФВ
тФВ /home/zolen/Documents/dataset/.venv/lib/python3.12/site-packages/manim/scene тФВ
тФВ /scene.py:259 in render\t\t\t\t\t\t\t\t\t\t\t\t\t  тФВ
тФВ\t\t\t\t\t\t\t\t\t\t\t\t\t\t\t\t\t\t\t  тФВ
тФВ\t256 тФВ   тФВ   """\t\t\t\t\t\t\t\t\t\t\t\t\t\t   тФВ
тФВ\t257 тФВ   тФВ   self.setup()\t\t\t\t\t\t\t\t\t\t\t\t  тФВ
тФВ\t258 тФВ   тФВ   try:\t\t\t\t\t\t\t\t\t\t\t\t\t\t  тФВ
тФВ тЭ▒  259 тФВ   тФВ   тФВ   self.construct()\t\t\t\t\t\t\t\t\t\t  тФВ
тФВ\t260 тФВ   тФВ   except EndSceneEarlyException:\t\t\t\t\t\t\t\tтФВ
тФВ\t261 тФВ   тФВ   тФВ   pass\t\t\t\t\t\t\t\t\t\t\t\t\t  тФВ
тФВ\t262 тФВ   тФВ   except RerunSceneException:\t\t\t\t\t\t\t\t   тФВ
тФВ\t\t\t\t\t\t\t\t\t\t\t\t\t\t\t\t\t\t\t  тФВ
тФВ /home/zolen/Documents/dataset/presentation.py:39 in construct\t\t\t\tтФВ
тФВ\t\t\t\t\t\t\t\t\t\t\t\t\t\t\t\t\t\t\t  тФВ
тФВ   36 тФВ   тФВ   axes.shift(RIGHT * 2) # On d├йcale un peu ├а droite pour laisser  тФВ
тФВ   37 тФВ   тФВ\t\t\t\t\t\t\t\t\t\t\t\t\t\t\t\t   тФВ
тФВ   38 тФВ   тФВ   # Ajout des num├йros uniquement sur l'axe X (de 5 ├а 10)\t\t  тФВ
тФВ тЭ▒ 39 тФВ   тФВ   x_labels = axes.get_x_axis().add_numbers(font_size=24)\t\t  тФВ
тФВ   40 тФВ   тФВ\t\t\t\t\t\t\t\t\t\t\t\t\t\t\t\t   тФВ
тФВ   41 тФВ   тФВ   self.play(Create(axes), Write(x_labels))\t\t\t\t\t\tтФВ
тФВ   42\t\t\t\t\t\t\t\t\t\t\t\t\t\t\t\t\t\t тФВ
тФВ\t\t\t\t\t\t\t\t\t\t\t\t\t\t\t\t\t\t\t  тФВ
тФВ /home/zolen/Documents/dataset/.venv/lib/python3.12/site-packages/manim/mobje тФВ
тФВ ct/graphing/number_line.py:557 in add_numbers\t\t\t\t\t\t\t\tтФВ
тФВ\t\t\t\t\t\t\t\t\t\t\t\t\t\t\t\t\t\t\t  тФВ
тФВ   554 тФВ   тФВ   тФВ   if x in excluding:\t\t\t\t\t\t\t\t\t\t тФВ
тФВ   555 тФВ   тФВ   тФВ   тФВ   continue\t\t\t\t\t\t\t\t\t\t\t   тФВ
тФВ   556 тФВ   тФВ   тФВ   numbers.add(\t\t\t\t\t\t\t\t\t\t\t   тФВ
тФВ тЭ▒ 557 тФВ   тФВ   тФВ   тФВ   self.get_number_mobject(\t\t\t\t\t\t\t   тФВ
тФВ   558 тФВ   тФВ   тФВ   тФВ   тФВ   x,\t\t\t\t\t\t\t\t\t\t\t\t тФВ
тФВ   559 тФВ   тФВ   тФВ   тФВ   тФВ   font_size=font_size,\t\t\t\t\t\t\t   тФВ
тФВ   560 тФВ   тФВ   тФВ   тФВ   тФВ   label_constructor=label_constructor,\t\t\t   тФВ
тФВ\t\t\t\t\t\t\t\t\t\t\t\t\t\t\t\t\t\t\t  тФВ
тФВ /home/zolen/Documents/dataset/.venv/lib/python3.12/site-packages/manim/mobje тФВ
тФВ ct/graphing/number_line.py:492 in get_number_mobject\t\t\t\t\t\t тФВ
тФВ\t\t\t\t\t\t\t\t\t\t\t\t\t\t\t\t\t\t\t  тФВ
тФВ   489 тФВ   тФВ   if label_constructor is None:\t\t\t\t\t\t\t\t  тФВ
тФВ   490 тФВ   тФВ   тФВ   label_constructor = self.label_constructor\t\t\t\t тФВ
тФВ   491 тФВ   тФВ\t\t\t\t\t\t\t\t\t\t\t\t\t\t\t\t  тФВ
тФВ тЭ▒ 492 тФВ   тФВ   num_mob = DecimalNumber(\t\t\t\t\t\t\t\t\t   тФВ
тФВ   493 тФВ   тФВ   тФВ   x,\t\t\t\t\t\t\t\t\t\t\t\t\t\t тФВ
тФВ   494 тФВ   тФВ   тФВ   font_size=font_size,\t\t\t\t\t\t\t\t\t   тФВ
тФВ   495 тФВ   тФВ   тФВ   mob_class=label_constructor,\t\t\t\t\t\t\t   тФВ
тФВ\t\t\t\t\t\t\t\t\t\t\t\t\t\t\t\t\t\t\t  тФВ
тФВ /home/zolen/Documents/dataset/.venv/lib/python3.12/site-packages/manim/mobje тФВ
тФВ ct/text/numbers.py:134 in __init__\t\t\t\t\t\t\t\t\t\t   тФВ
тФВ\t\t\t\t\t\t\t\t\t\t\t\t\t\t\t\t\t\t\t  тФВ
тФВ   131 тФВ   тФВ   тФВ   },\t\t\t\t\t\t\t\t\t\t\t\t\t\t тФВ
тФВ   132 тФВ   тФВ   )\t\t\t\t\t\t\t\t\t\t\t\t\t\t\t  тФВ
тФВ   133 тФВ   тФВ\t\t\t\t\t\t\t\t\t\t\t\t\t\t\t\t  тФВ
тФВ тЭ▒ 134 тФВ   тФВ   self._set_submobjects_from_number(number)\t\t\t\t\t  тФВ
тФВ   135 тФВ   тФВ   self.init_colors()\t\t\t\t\t\t\t\t\t\t\t тФВ
тФВ   136 тФВ\t\t\t\t\t\t\t\t\t\t\t\t\t\t\t\t\t  тФВ
тФВ   137 тФВ   @property\t\t\t\t\t\t\t\t\t\t\t\t\t\t  тФВ
тФВ\t\t\t\t\t\t\t\t\t\t\t\t\t\t\t\t\t\t\t  тФВ
тФВ /home/zolen/Documents/dataset/.venv/lib/python3.12/site-packages/manim/mobje тФВ
тФВ ct/text/numbers.py:160 in _set_submobjects_from_number\t\t\t\t\t   тФВ
тФВ\t\t\t\t\t\t\t\t\t\t\t\t\t\t\t\t\t\t\t  тФВ
тФВ   157 тФВ   тФВ   self.submobjects = []\t\t\t\t\t\t\t\t\t\t  тФВ
тФВ   158 тФВ   тФВ\t\t\t\t\t\t\t\t\t\t\t\t\t\t\t\t  тФВ
тФВ   159 тФВ   тФВ   num_string = self._get_num_string(number)\t\t\t\t\t  тФВ
тФВ тЭ▒ 160 тФВ   тФВ   self.add(*(map(self._string_to_mob, num_string)))\t\t\t  тФВ
тФВ   161 тФВ   тФВ\t\t\t\t\t\t\t\t\t\t\t\t\t\t\t\t  тФВ
тФВ   162 тФВ   тФВ   # Add non-numerical bits\t\t\t\t\t\t\t\t\t   тФВ
тФВ   163 тФВ   тФВ   if self.show_ellipsis:\t\t\t\t\t\t\t\t\t\t тФВ
тФВ\t\t\t\t\t\t\t\t\t\t\t\t\t\t\t\t\t\t\t  тФВ
тФВ /home/zolen/Documents/dataset/.venv/lib/python3.12/site-packages/manim/mobje тФВ
тФВ ct/text/numbers.py:227 in _string_to_mob\t\t\t\t\t\t\t\t\t тФВ
тФВ\t\t\t\t\t\t\t\t\t\t\t\t\t\t\t\t\t\t\t  тФВ
тФВ   224 тФВ   тФВ   тФВ   mob_class = self.mob_class\t\t\t\t\t\t\t\t тФВ
тФВ   225 тФВ   тФВ\t\t\t\t\t\t\t\t\t\t\t\t\t\t\t\t  тФВ
тФВ   226 тФВ   тФВ   if string not in string_to_mob_map:\t\t\t\t\t\t\tтФВ
тФВ тЭ▒ 227 тФВ   тФВ   тФВ   string_to_mob_map[string] = mob_class(string, **kwargs)\tтФВ
тФВ   228 тФВ   тФВ   mob = string_to_mob_map[string].copy()\t\t\t\t\t\t тФВ
тФВ   229 тФВ   тФВ   mob.font_size = self._font_size\t\t\t\t\t\t\t\tтФВ
тФВ   230 тФВ   тФВ   return mob\t\t\t\t\t\t\t\t\t\t\t\t\t тФВ
тФВ\t\t\t\t\t\t\t\t\t\t\t\t\t\t\t\t\t\t\t  тФВ
тФВ /home/zolen/Documents/dataset/.venv/lib/python3.12/site-packages/manim/mobje тФВ
тФВ ct/text/tex_mobject.py:329 in __init__\t\t\t\t\t\t\t\t\t   тФВ
тФВ\t\t\t\t\t\t\t\t\t\t\t\t\t\t\t\t\t\t\t  тФВ
тФВ   326 тФВ   тФВ   тФВ   тФВ   тФВ   тФВ   """,\t\t\t\t\t\t\t\t\t\t   тФВ
тФВ   327 тФВ   тФВ   тФВ   тФВ   тФВ   ),\t\t\t\t\t\t\t\t\t\t\t\t тФВ
тФВ   328 тФВ   тФВ   тФВ   тФВ   )\t\t\t\t\t\t\t\t\t\t\t\t\t  тФВ
тФВ тЭ▒ 329 тФВ   тФВ   тФВ   raise compilation_error\t\t\t\t\t\t\t\t\tтФВ
тФВ   330 тФВ   тФВ   self.set_color_by_tex_to_color_map(self.tex_to_color_map)\t  тФВ
тФВ   331 тФВ   тФВ\t\t\t\t\t\t\t\t\t\t\t\t\t\t\t\t  тФВ
тФВ   332 тФВ   тФВ   if self.organize_left_to_right:\t\t\t\t\t\t\t\tтФВ
тФВ\t\t\t\t\t\t\t\t\t\t\t\t\t\t\t\t\t\t\t  тФВ
тФВ /home/zolen/Documents/dataset/.venv/lib/python3.12/site-packages/manim/mobje тФВ
тФВ ct/text/tex_mobject.py:306 in __init__\t\t\t\t\t\t\t\t\t   тФВ
тФВ\t\t\t\t\t\t\t\t\t\t\t\t\t\t\t\t\t\t\t  тФВ
тФВ   303 тФВ   тФВ   тФВ   joined_string = self._join_tex_strings_with_unique_delimin тФВ
тФВ   304 тФВ   тФВ   тФВ   тФВ   self.tex_strings, self.substrings_to_isolate\t\t   тФВ
тФВ   305 тФВ   тФВ   тФВ   )\t\t\t\t\t\t\t\t\t\t\t\t\t\t  тФВ
тФВ тЭ▒ 306 тФВ   тФВ   тФВ   super().__init__(\t\t\t\t\t\t\t\t\t\t  тФВ
тФВ   307 тФВ   тФВ   тФВ   тФВ   joined_string,\t\t\t\t\t\t\t\t\t\t тФВ
тФВ   308 тФВ   тФВ   тФВ   тФВ   tex_environment=self.tex_environment,\t\t\t\t  тФВ
тФВ   309 тФВ   тФВ   тФВ   тФВ   tex_template=self.tex_template,\t\t\t\t\t\tтФВ
тФВ\t\t\t\t\t\t\t\t\t\t\t\t\t\t\t\t\t\t\t  тФВ
тФВ /home/zolen/Documents/dataset/.venv/lib/python3.12/site-packages/manim/mobje тФВ
тФВ ct/text/tex_mobject.py:81 in __init__\t\t\t\t\t\t\t\t\t\tтФВ
тФВ\t\t\t\t\t\t\t\t\t\t\t\t\t\t\t\t\t\t\t  тФВ
тФВ\t78 тФВ   тФВ   self.tex_template: TexTemplate = tex_template\t\t\t\t  тФВ
тФВ\t79 тФВ   тФВ\t\t\t\t\t\t\t\t\t\t\t\t\t\t\t\t  тФВ
тФВ\t80 тФВ   тФВ   self.tex_string = tex_string\t\t\t\t\t\t\t\t   тФВ
тФВ тЭ▒  81 тФВ   тФВ   file_name = tex_to_svg_file(\t\t\t\t\t\t\t\t   тФВ
тФВ\t82 тФВ   тФВ   тФВ   self._get_modified_expression(tex_string),\t\t\t\t тФВ
тФВ\t83 тФВ   тФВ   тФВ   environment=self.tex_environment,\t\t\t\t\t\t  тФВ
тФВ\t84 тФВ   тФВ   тФВ   tex_template=self.tex_template,\t\t\t\t\t\t\tтФВ
тФВ\t\t\t\t\t\t\t\t\t\t\t\t\t\t\t\t\t\t\t  тФВ
тФВ /home/zolen/Documents/dataset/.venv/lib/python3.12/site-packages/manim/utils тФВ
тФВ /tex_file_writing.py:65 in tex_to_svg_file\t\t\t\t\t\t\t\t   тФВ
тФВ\t\t\t\t\t\t\t\t\t\t\t\t\t\t\t\t\t\t\t  тФВ
тФВ\t62 тФВ   if svg_file.exists():\t\t\t\t\t\t\t\t\t\t\t  тФВ
тФВ\t63 тФВ   тФВ   return svg_file\t\t\t\t\t\t\t\t\t\t\t\tтФВ
тФВ\t64 тФВ\t\t\t\t\t\t\t\t\t\t\t\t\t\t\t\t\t  тФВ
тФВ тЭ▒  65 тФВ   dvi_file = compile_tex(\t\t\t\t\t\t\t\t\t\t\tтФВ
тФВ\t66 тФВ   тФВ   tex_file,\t\t\t\t\t\t\t\t\t\t\t\t\t  тФВ
тФВ\t67 тФВ   тФВ   tex_template.tex_compiler,\t\t\t\t\t\t\t\t\t тФВ
тФВ\t68 тФВ   тФВ   tex_template.output_format,\t\t\t\t\t\t\t\t\tтФВ
тФВ\t\t\t\t\t\t\t\t\t\t\t\t\t\t\t\t\t\t\t  тФВ
тФВ /home/zolen/Documents/dataset/.venv/lib/python3.12/site-packages/manim/utils тФВ
тФВ /tex_file_writing.py:211 in compile_tex\t\t\t\t\t\t\t\t\t  тФВ
тФВ\t\t\t\t\t\t\t\t\t\t\t\t\t\t\t\t\t\t\t  тФВ
тФВ   208 тФВ   тФВ   if cp.returncode != 0:\t\t\t\t\t\t\t\t\t\t тФВ
тФВ   209 тФВ   тФВ   тФВ   log_file = tex_file.with_suffix(".log")\t\t\t\t\tтФВ
тФВ   210 тФВ   тФВ   тФВ   print_all_tex_errors(log_file, tex_compiler, tex_file)\t тФВ
тФВ тЭ▒ 211 тФВ   тФВ   тФВ   raise ValueError(\t\t\t\t\t\t\t\t\t\t  тФВ
тФВ   212 тФВ   тФВ   тФВ   тФВ   f"{tex_compiler} error converting to"\t\t\t\t  тФВ
тФВ   213 тФВ   тФВ   тФВ   тФВ   f" {output_format[1:]}. See log output above or"\t   тФВ
тФВ   214 тФВ   тФВ   тФВ   тФВ   f" the log file: {log_file}",\t\t\t\t\t\t  тФВ
тХ░тФАтФАтФАтФАтФАтФАтФАтФАтФАтФАтФАтФАтФАтФАтФАтФАтФАтФАтФАтФАтФАтФАтФАтФАтФАтФАтФАтФАтФАтФАтФАтФАтФАтФАтФАтФАтФАтФАтФАтФАтФАтФАтФАтФАтФАтФАтФАтФАтФАтФАтФАтФАтФАтФАтФАтФАтФАтФАтФАтФАтФАтФАтФАтФАтФАтФАтФАтФАтФАтФАтФАтФАтФАтФАтФАтФАтФАтФАтХп
ValueError: latex error converting to dvi. See log output above or the log file:
media/Tex/80535c2a91306081.log
"
[3/19/2026 23:1] ERROR: Manim Sideview: Error rendering file (exit code 1). Check the output for more details.
[3/19/2026 23:1] INFO: [29109] Execution returned code=1 in 6.986 seconds returned signal null 
